[0.242s] DEBUG:colcon:Command line arguments: ['/usr/bin/colcon', 'list', '-p', '--base-paths', '/home/tn/ros2_ws']
[0.242s] DEBUG:colcon:Parsed command line arguments: Namespace(log_base=None, log_level=None, verb_name='list', build_base='build', ignore_user_meta=False, metas=['./colcon.meta'], base_paths=['/home/tn/ros2_ws'], packages_ignore=None, packages_ignore_regex=None, paths=None, packages_up_to=None, packages_up_to_regex=None, packages_above=None, packages_above_and_dependencies=None, packages_above_depth=None, packages_select_by_dep=None, packages_skip_by_dep=None, packages_skip_up_to=None, packages_select_build_failed=False, packages_skip_build_finished=False, packages_select_test_failures=False, packages_skip_test_passed=False, packages_select=None, packages_skip=None, packages_select_regex=None, packages_skip_regex=None, packages_start=None, packages_end=None, allow_overriding=[], topological_order=False, names_only=False, paths_only=True, topological_graph=False, topological_graph_dot=False, topological_graph_density=False, topological_graph_legend=False, topological_graph_dot_cluster=False, topological_graph_dot_include_skipped=False, verb_parser=<colcon_defaults.argument_parser.defaults.DefaultArgumentsDecorator object at 0x74cb20146380>, verb_extension=<colcon_package_information.verb.list.ListVerb object at 0x74cb2023a680>, main=<bound method ListVerb.main of <colcon_package_information.verb.list.ListVerb object at 0x74cb2023a680>>)
[0.756s] Level 1:colcon.colcon_core.package_discovery:discover_packages(colcon_meta) check parameters
[0.756s] Level 1:colcon.colcon_core.package_discovery:discover_packages(recursive) check parameters
[0.757s] Level 1:colcon.colcon_core.package_discovery:discover_packages(ignore) check parameters
[0.759s] Level 1:colcon.colcon_core.package_discovery:discover_packages(path) check parameters
[0.760s] Level 1:colcon.colcon_core.package_discovery:discover_packages(recursive) discover
[0.760s] INFO:colcon.colcon_core.package_discovery:Crawling recursively for packages in '/home/tn/ros2_ws'
[0.760s] Level 1:colcon.colcon_core.package_identification:_identify(/home/tn/ros2_ws) by extensions ['ignore', 'ignore_ament_install']
[0.761s] Level 1:colcon.colcon_core.package_identification:_identify(/home/tn/ros2_ws) by extension 'ignore'
[0.772s] Level 1:colcon.colcon_core.package_identification:_identify(/home/tn/ros2_ws) by extension 'ignore_ament_install'
[0.772s] Level 1:colcon.colcon_core.package_identification:_identify(/home/tn/ros2_ws) by extensions ['colcon_pkg']
[0.772s] Level 1:colcon.colcon_core.package_identification:_identify(/home/tn/ros2_ws) by extension 'colcon_pkg'
[0.773s] Level 1:colcon.colcon_core.package_identification:_identify(/home/tn/ros2_ws) by extensions ['colcon_meta']
[0.774s] Level 1:colcon.colcon_core.package_identification:_identify(/home/tn/ros2_ws) by extension 'colcon_meta'
[0.775s] Level 1:colcon.colcon_core.package_identification:_identify(/home/tn/ros2_ws) by extensions ['ros']
[0.775s] Level 1:colcon.colcon_core.package_identification:_identify(/home/tn/ros2_ws) by extension 'ros'
[0.813s] Level 1:colcon.colcon_core.package_identification:_identify(/home/tn/ros2_ws) by extensions ['cmake', 'python']
[0.813s] Level 1:colcon.colcon_core.package_identification:_identify(/home/tn/ros2_ws) by extension 'cmake'
[0.813s] Level 1:colcon.colcon_core.package_identification:_identify(/home/tn/ros2_ws) by extension 'python'
[0.813s] Level 1:colcon.colcon_core.package_identification:_identify(/home/tn/ros2_ws) by extensions ['python_setup_py']
[0.813s] Level 1:colcon.colcon_core.package_identification:_identify(/home/tn/ros2_ws) by extension 'python_setup_py'
[0.814s] Level 1:colcon.colcon_core.package_identification:_identify(/home/tn/ros2_ws/log) by extensions ['ignore', 'ignore_ament_install']
[0.814s] Level 1:colcon.colcon_core.package_identification:_identify(/home/tn/ros2_ws/log) by extension 'ignore'
[0.815s] Level 1:colcon.colcon_core.package_identification:_identify(/home/tn/ros2_ws/log) ignored
[0.816s] Level 1:colcon.colcon_core.package_identification:_identify(/home/tn/ros2_ws/src) by extensions ['ignore', 'ignore_ament_install']
[0.816s] Level 1:colcon.colcon_core.package_identification:_identify(/home/tn/ros2_ws/src) by extension 'ignore'
[0.816s] Level 1:colcon.colcon_core.package_identification:_identify(/home/tn/ros2_ws/src) by extension 'ignore_ament_install'
[0.816s] Level 1:colcon.colcon_core.package_identification:_identify(/home/tn/ros2_ws/src) by extensions ['colcon_pkg']
[0.816s] Level 1:colcon.colcon_core.package_identification:_identify(/home/tn/ros2_ws/src) by extension 'colcon_pkg'
[0.816s] Level 1:colcon.colcon_core.package_identification:_identify(/home/tn/ros2_ws/src) by extensions ['colcon_meta']
[0.817s] Level 1:colcon.colcon_core.package_identification:_identify(/home/tn/ros2_ws/src) by extension 'colcon_meta'
[0.817s] Level 1:colcon.colcon_core.package_identification:_identify(/home/tn/ros2_ws/src) by extensions ['ros']
[0.817s] Level 1:colcon.colcon_core.package_identification:_identify(/home/tn/ros2_ws/src) by extension 'ros'
[0.817s] Level 1:colcon.colcon_core.package_identification:_identify(/home/tn/ros2_ws/src) by extensions ['cmake', 'python']
[0.817s] Level 1:colcon.colcon_core.package_identification:_identify(/home/tn/ros2_ws/src) by extension 'cmake'
[0.818s] Level 1:colcon.colcon_core.package_identification:_identify(/home/tn/ros2_ws/src) by extension 'python'
[0.818s] Level 1:colcon.colcon_core.package_identification:_identify(/home/tn/ros2_ws/src) by extensions ['python_setup_py']
[0.818s] Level 1:colcon.colcon_core.package_identification:_identify(/home/tn/ros2_ws/src) by extension 'python_setup_py'
[0.819s] Level 1:colcon.colcon_core.package_identification:_identify(/home/tn/ros2_ws/src/py_pubsub) by extensions ['ignore', 'ignore_ament_install']
[0.819s] Level 1:colcon.colcon_core.package_identification:_identify(/home/tn/ros2_ws/src/py_pubsub) by extension 'ignore'
[0.819s] Level 1:colcon.colcon_core.package_identification:_identify(/home/tn/ros2_ws/src/py_pubsub) by extension 'ignore_ament_install'
[0.819s] Level 1:colcon.colcon_core.package_identification:_identify(/home/tn/ros2_ws/src/py_pubsub) by extensions ['colcon_pkg']
[0.819s] Level 1:colcon.colcon_core.package_identification:_identify(/home/tn/ros2_ws/src/py_pubsub) by extension 'colcon_pkg'
[0.819s] Level 1:colcon.colcon_core.package_identification:_identify(/home/tn/ros2_ws/src/py_pubsub) by extensions ['colcon_meta']
[0.819s] Level 1:colcon.colcon_core.package_identification:_identify(/home/tn/ros2_ws/src/py_pubsub) by extension 'colcon_meta'
[0.819s] Level 1:colcon.colcon_core.package_identification:_identify(/home/tn/ros2_ws/src/py_pubsub) by extensions ['ros']
[0.819s] Level 1:colcon.colcon_core.package_identification:_identify(/home/tn/ros2_ws/src/py_pubsub) by extension 'ros'
[0.824s] DEBUG:colcon.colcon_core.package_identification:Package '/home/tn/ros2_ws/src/py_pubsub' with type 'ros.ament_python' and name 'py_pubsub'
[0.824s] Level 1:colcon.colcon_core.package_discovery:discover_packages(recursive) using defaults
